2024-03-02 19:16:11,378 - INFO - starting app
2024-03-02 19:16:15,926 - INFO - starting app
2024-03-02 19:16:25,871 - INFO - starting app
2024-03-02 19:18:46,833 - INFO - starting app
2024-03-02 19:19:14,191 - INFO - Starting ................
2024-03-02 19:19:14,196 - INFO - ended.
2024-03-02 19:19:28,446 - INFO - starting app
2024-03-02 19:19:30,576 - INFO - starting app
2024-03-02 19:19:36,861 - INFO - starting app
2024-03-02 19:19:43,197 - INFO - starting app
2024-03-02 19:19:45,903 - INFO - Starting ................
2024-03-02 19:19:45,906 - INFO - ended. process_time: 0.0024340152740478516
2024-03-02 19:20:15,078 - INFO - starting app
2024-03-02 19:20:30,307 - INFO - starting app
2024-03-02 19:20:35,664 - INFO - starting app
2024-03-02 19:20:37,714 - INFO - starting app
2024-03-02 19:20:39,891 - INFO - starting app
2024-03-02 19:20:47,219 - INFO - starting app
2024-03-02 19:20:53,804 - INFO - starting app
2024-03-02 19:21:08,017 - INFO - starting app
2024-03-02 19:21:26,439 - INFO - Starting ................
2024-03-02 19:21:26,445 - INFO - ended. process_time: 0.005656003952026367
2024-03-02 19:21:32,982 - INFO - Starting ................
2024-03-02 19:21:32,997 - WARNING - Product is no more available
2024-03-02 19:21:33,000 - INFO - ended. process_time: 0.016301870346069336
2024-03-02 19:23:50,654 - INFO - starting app
2024-03-02 19:24:23,889 - INFO - starting app
2024-03-02 19:24:34,789 - INFO - starting app
2024-03-06 18:09:26,295 - INFO - starting app
2024-03-06 18:09:57,432 - INFO - Starting ................
2024-03-06 18:09:57,436 - INFO - ended. process_time: 0.002228975296020508
2024-03-06 18:09:57,441 - INFO - Starting ................
2024-03-06 18:09:57,443 - INFO - ended. process_time: 0.001461029052734375
2024-03-06 18:09:58,387 - INFO - Starting ................
2024-03-06 18:09:58,405 - INFO - ended. process_time: 0.017193317413330078
2024-03-06 18:10:06,267 - INFO - Starting ................
2024-03-06 18:10:06,277 - INFO - ended. process_time: 0.009024858474731445
2024-03-06 18:10:38,758 - INFO - Starting ................
2024-03-06 18:10:38,770 - ERROR - An error occurred while processing
2024-03-06 18:12:00,923 - INFO - starting app
2024-03-06 18:12:03,093 - INFO - starting app
2024-03-06 18:12:23,765 - INFO - Starting ................
2024-03-06 18:12:23,770 - INFO - ended. process_time: 0.00460505485534668
2024-03-06 18:12:26,434 - INFO - Starting ................
2024-03-06 18:12:26,436 - ERROR - An error occurred while processing
2024-03-06 18:12:38,696 - INFO - starting app
2024-03-06 18:12:39,746 - INFO - Starting ................
2024-03-06 18:12:39,749 - INFO - ended. process_time: 0.0029571056365966797
2024-03-06 18:12:40,271 - INFO - Starting ................
2024-03-06 18:12:40,272 - ERROR - An error occurred while processing
2024-03-06 18:17:01,115 - INFO - starting app
2024-03-06 18:17:05,185 - INFO - starting app
2024-03-06 18:17:09,985 - INFO - starting app
2024-03-06 18:17:11,056 - INFO - starting app
2024-03-06 18:18:13,007 - INFO - starting app
2024-03-06 18:18:32,206 - INFO - starting app
2024-03-06 18:18:33,866 - INFO - starting app
2024-03-06 18:18:39,865 - INFO - starting app
2024-03-06 18:18:43,462 - INFO - starting app
2024-03-06 18:18:47,534 - INFO - starting app
2024-03-06 18:18:57,438 - INFO - starting app
2024-03-06 18:19:06,476 - INFO - starting app
2024-03-06 18:19:08,784 - INFO - Starting ................
2024-03-06 18:19:08,793 - INFO - ended. process_time: 0.007317066192626953
2024-03-06 18:19:10,522 - INFO - Starting ................
2024-03-06 18:19:10,525 - ERROR - An error occurred while processing
2024-03-06 18:22:31,064 - INFO - starting app
2024-03-06 18:22:34,177 - INFO - starting app
2024-03-06 18:22:37,594 - INFO - starting app
2024-03-06 18:23:18,108 - INFO - starting app
2024-03-06 18:24:11,576 - INFO - starting app
2024-03-06 18:24:12,796 - INFO - starting app
2024-03-06 18:24:15,812 - INFO - Starting ................
2024-03-06 18:24:15,814 - ERROR - An error occurred while processing
2024-03-06 18:24:16,915 - INFO - Starting ................
2024-03-06 18:24:16,917 - ERROR - An error occurred while processing
2024-03-06 18:24:52,731 - INFO - starting app
2024-03-06 18:25:05,424 - INFO - starting app
2024-03-06 18:25:06,877 - INFO - starting app
2024-03-06 18:25:09,020 - INFO - starting app
2024-03-06 18:25:12,353 - INFO - starting app
2024-03-06 18:25:22,153 - INFO - starting app
2024-03-06 18:25:27,902 - INFO - Starting ................
2024-03-06 18:25:27,905 - INFO - ended. process_time: 0.003323793411254883
2024-03-06 18:25:28,843 - INFO - Starting ................
2024-03-06 18:25:28,844 - ERROR - An error occurred while processing
2024-03-06 18:25:29,946 - INFO - Starting ................
2024-03-06 18:25:29,947 - ERROR - An error occurred while processing
2024-03-06 18:26:03,493 - INFO - starting app
2024-03-06 18:26:47,256 - INFO - starting app
2024-03-06 18:26:52,446 - INFO - starting app
2024-03-06 18:26:53,766 - INFO - starting app
2024-03-06 18:26:55,600 - INFO - starting app
2024-03-06 18:27:04,349 - INFO - Starting ................
2024-03-06 18:27:04,355 - INFO - ended. process_time: 0.004580020904541016
2024-03-06 18:27:05,264 - INFO - Starting ................
2024-03-06 18:27:05,265 - ERROR - An error occurred while processing
2024-03-06 18:27:06,192 - INFO - Starting ................
2024-03-06 18:27:06,193 - ERROR - An error occurred while processing
2024-03-06 18:27:37,632 - INFO - starting app
2024-03-06 18:27:42,012 - INFO - Starting ................
2024-03-06 18:27:42,028 - INFO - ended. process_time: 0.015030145645141602
2024-03-06 18:27:42,695 - INFO - Starting ................
2024-03-06 18:27:42,696 - ERROR - An error occurred while processing
2024-03-06 18:30:31,616 - INFO - starting app
2024-03-06 18:30:35,447 - INFO - starting app
2024-03-06 18:30:37,386 - INFO - starting app
2024-03-06 18:30:41,191 - INFO - Starting ................
2024-03-06 18:30:41,196 - INFO - ended. process_time: 0.004773139953613281
2024-03-06 18:30:42,013 - INFO - Starting ................
2024-03-06 18:30:42,014 - ERROR - An error occurred while processing
2024-03-06 18:31:10,531 - INFO - starting app
2024-03-06 18:31:12,619 - INFO - starting app
2024-03-06 18:31:15,232 - INFO - starting app
2024-03-06 18:31:17,164 - INFO - starting app
2024-03-06 18:31:19,323 - INFO - starting app
2024-03-06 18:31:21,619 - INFO - starting app
2024-03-06 18:31:25,947 - INFO - Starting ................
2024-03-06 18:31:25,956 - INFO - ended. process_time: 0.008577108383178711
2024-03-06 18:31:27,319 - INFO - Starting ................
2024-03-06 18:31:27,324 - ERROR - An error occurred while processing
2024-03-06 18:32:59,658 - INFO - starting app
2024-03-06 18:33:07,336 - INFO - starting app
2024-03-06 18:33:10,991 - INFO - starting app
2024-03-06 18:33:15,085 - INFO - starting app
2024-03-06 18:33:18,066 - INFO - starting app
2024-03-06 18:33:23,934 - INFO - Starting ................
2024-03-06 18:33:23,937 - INFO - ended. process_time: 0.0023851394653320312
2024-03-06 18:33:24,952 - INFO - Starting ................
2024-03-06 18:33:24,953 - INFO - ended. process_time: 0.0008842945098876953
2024-03-06 18:33:25,402 - INFO - Starting ................
2024-03-06 18:33:25,403 - INFO - ended. process_time: 0.001065969467163086
2024-03-06 18:33:25,579 - INFO - Starting ................
2024-03-06 18:33:25,580 - INFO - ended. process_time: 0.0012450218200683594
2024-03-06 18:33:25,964 - INFO - Starting ................
2024-03-06 18:33:25,966 - INFO - ended. process_time: 0.0009338855743408203
2024-03-06 18:35:14,085 - INFO - starting app
2024-03-06 18:35:15,197 - INFO - starting app
2024-03-06 18:39:56,013 - INFO - starting app
2024-03-06 18:40:01,224 - INFO - starting app
2024-03-06 18:40:04,486 - INFO - starting app
2024-03-06 18:40:09,663 - INFO - starting app
2024-03-06 18:40:14,368 - INFO - starting app
2024-03-06 18:40:19,974 - INFO - starting app
2024-03-06 18:40:24,558 - INFO - starting app
2024-03-06 18:40:33,377 - INFO - starting app
2024-03-06 18:40:39,154 - INFO - Starting ................
2024-03-06 18:40:39,159 - INFO - ended. process_time: 0.002850055694580078
2024-03-06 18:40:40,149 - INFO - Starting ................
2024-03-06 18:40:40,151 - INFO - ended. process_time: 0.0010747909545898438
2024-03-06 18:40:40,754 - INFO - Starting ................
2024-03-06 18:40:40,757 - INFO - ended. process_time: 0.002474069595336914
2024-03-06 18:40:41,484 - INFO - Starting ................
2024-03-06 18:40:41,485 - INFO - ended. process_time: 0.0008759498596191406
2024-03-06 18:40:42,347 - INFO - Starting ................
2024-03-06 18:40:42,348 - INFO - ended. process_time: 0.0013439655303955078
2024-03-06 18:40:49,273 - INFO - starting app
2024-03-06 18:40:50,732 - INFO - starting app
2024-03-06 18:40:51,727 - INFO - Starting ................
2024-03-06 18:40:51,736 - INFO - ended. process_time: 0.008332252502441406
2024-03-06 18:40:53,135 - INFO - Starting ................
2024-03-06 18:40:53,150 - INFO - ended. process_time: 0.013981342315673828
2024-03-06 18:40:53,840 - INFO - Starting ................
2024-03-06 18:40:53,842 - INFO - ended. process_time: 0.0016391277313232422
2024-03-06 18:40:54,384 - INFO - Starting ................
2024-03-06 18:40:54,385 - INFO - ended. process_time: 0.0014209747314453125
2024-03-06 18:40:54,794 - INFO - Starting ................
2024-03-06 18:40:54,796 - INFO - ended. process_time: 0.0013148784637451172
2024-03-06 18:40:55,248 - INFO - Starting ................
2024-03-06 18:40:55,249 - INFO - ended. process_time: 0.0011162757873535156
2024-03-06 18:40:55,706 - INFO - Starting ................
2024-03-06 18:40:55,708 - INFO - ended. process_time: 0.0012581348419189453
2024-03-06 18:40:56,262 - INFO - Starting ................
2024-03-06 18:40:56,263 - INFO - ended. process_time: 0.0011589527130126953
2024-03-06 18:41:08,258 - INFO - starting app
2024-03-06 18:41:10,588 - INFO - Starting ................
2024-03-06 18:41:10,594 - INFO - ended. process_time: 0.005263805389404297
2024-03-06 18:41:11,381 - INFO - Starting ................
2024-03-06 18:41:11,382 - INFO - ended. process_time: 0.001220703125
2024-03-06 18:41:11,964 - INFO - Starting ................
2024-03-06 18:41:11,965 - INFO - ended. process_time: 0.0014662742614746094
2024-03-06 18:56:22,061 - INFO - starting app
2024-03-06 19:02:04,545 - INFO - starting app
2024-03-06 19:02:40,951 - INFO - starting app
2024-03-06 19:02:45,026 - INFO - starting app
2024-03-06 19:17:07,251 - INFO - starting app
2024-03-06 19:17:08,381 - INFO - starting app
2024-03-06 19:17:11,856 - INFO - starting app
2024-03-06 19:17:28,534 - INFO - starting app
2024-03-06 19:18:02,196 - INFO - starting app
2024-03-06 19:18:05,548 - INFO - starting app
2024-03-11 12:25:25,155 - INFO - starting app
2024-03-11 12:28:24,193 - INFO - starting app
2024-03-11 12:29:13,534 - INFO - starting app
2024-03-11 13:04:25,381 - INFO - Starting ................
2024-03-11 13:04:25,390 - INFO - ended. process_time: 0.0
2024-03-11 13:04:26,644 - INFO - Starting ................
2024-03-11 13:04:26,722 - INFO - ended. process_time: 0.07853126525878906
2024-03-11 13:04:40,901 - INFO - Starting ................
2024-03-11 13:04:40,921 - ERROR - An error occurred while processing
2024-03-11 13:22:33,631 - INFO - starting app
2024-03-11 13:23:00,551 - INFO - starting app
2024-03-11 13:23:04,739 - INFO - Starting ................
2024-03-11 13:23:04,753 - INFO - ended. process_time: 0.013734817504882812
2024-03-11 13:23:05,171 - INFO - Starting ................
2024-03-11 13:23:05,191 - INFO - ended. process_time: 0.019940614700317383
2024-03-11 13:23:15,918 - INFO - Starting ................
2024-03-11 13:23:15,923 - ERROR - An error occurred while processing
2024-03-11 13:30:50,976 - INFO - starting app
2024-03-11 13:30:56,637 - INFO - Starting ................
2024-03-11 13:30:59,819 - INFO - Starting ................
2024-03-11 13:31:10,844 - INFO - Starting ................
2024-03-11 13:31:12,325 - INFO - Starting ................
2024-03-11 13:31:29,750 - INFO - starting app
2024-03-11 13:31:42,668 - INFO - starting app
2024-03-11 13:31:44,073 - INFO - Starting ................
2024-03-11 13:31:44,089 - INFO - ended. process_time: 0.0
2024-03-11 13:31:44,820 - INFO - Starting ................
2024-03-11 13:31:44,845 - INFO - ended. process_time: 0.025127410888671875
2024-03-11 13:31:52,344 - INFO - Starting ................
2024-03-11 13:31:52,349 - ERROR - An error occurred while processing
2024-03-11 13:32:27,482 - INFO - starting app
2024-03-11 13:32:28,728 - INFO - Starting ................
2024-03-11 13:33:42,503 - INFO - starting app
2024-03-11 13:33:44,330 - INFO - Starting ................
2024-03-11 13:33:44,330 - INFO - ended. process_time: 0.0
2024-03-11 13:38:27,909 - INFO - Starting ................
2024-03-11 13:38:27,914 - INFO - ended. process_time: 0.004417896270751953
2024-03-11 13:38:45,690 - INFO - starting app
2024-03-11 13:38:46,101 - INFO - Starting ................
2024-03-11 13:38:46,117 - INFO - ended. process_time: 0.01562786102294922
2024-03-11 13:38:46,522 - INFO - Starting ................
2024-03-11 13:38:46,541 - INFO - ended. process_time: 0.01947641372680664
2024-03-11 13:38:53,587 - INFO - Starting ................
2024-03-11 13:38:53,596 - INFO - ended. process_time: 0.008846759796142578
2024-03-11 13:38:59,939 - INFO - Starting ................
2024-03-11 13:38:59,939 - INFO - ended. process_time: 0.0
2024-03-11 13:43:09,969 - INFO - starting app
2024-03-11 13:43:22,704 - INFO - Starting ................
2024-03-11 13:43:22,718 - INFO - ended. process_time: 0.013475656509399414
2024-03-11 13:43:34,572 - INFO - Starting ................
2024-03-11 13:43:34,572 - INFO - ended. process_time: 0.0
2024-03-11 13:43:48,263 - INFO - Starting ................
2024-03-11 13:43:48,267 - INFO - ended. process_time: 0.003317117691040039
2024-03-11 20:24:59,102 - INFO - starting app
2024-03-11 20:25:19,570 - INFO - Starting ................
2024-03-11 20:25:19,570 - INFO - ended. process_time: 0.0
2024-03-11 20:25:21,846 - INFO - Starting ................
2024-03-11 20:25:21,897 - INFO - ended. process_time: 0.04270815849304199
2024-03-11 20:26:05,334 - INFO - Starting ................
2024-03-11 20:26:40,841 - INFO - starting app
2024-03-11 20:26:41,169 - INFO - Starting ................
2024-03-11 20:26:41,169 - INFO - ended. process_time: 0.0
2024-03-11 20:26:41,883 - INFO - Starting ................
2024-03-11 20:26:41,900 - INFO - ended. process_time: 0.01649785041809082
2024-03-11 20:26:51,586 - INFO - Starting ................
2024-03-11 20:32:54,370 - INFO - starting app
2024-03-11 20:32:58,978 - INFO - Starting ................
2024-03-11 20:32:58,998 - INFO - ended. process_time: 0.017451763153076172
2024-03-11 20:33:08,847 - INFO - Starting ................
2024-03-11 20:33:08,849 - INFO - ended. process_time: 0.0
2024-03-11 20:33:09,134 - INFO - Starting ................
2024-03-11 20:33:09,149 - INFO - ended. process_time: 0.015593290328979492
2024-03-11 20:33:18,681 - INFO - Starting ................
2024-03-11 20:34:27,433 - INFO - starting app
2024-03-11 20:34:42,328 - INFO - Starting ................
2024-03-11 20:34:42,328 - INFO - ended. process_time: 0.0
2024-03-11 20:34:42,690 - INFO - Starting ................
2024-03-11 20:34:42,714 - INFO - ended. process_time: 0.02414703369140625
2024-03-11 20:35:15,919 - INFO - starting app
2024-03-11 20:35:22,345 - INFO - Starting ................
2024-03-11 20:35:22,345 - INFO - ended. process_time: 0.0
2024-03-11 20:35:22,684 - INFO - Starting ................
2024-03-11 20:35:22,706 - INFO - ended. process_time: 0.02225780487060547
2024-03-11 20:35:40,069 - INFO - Starting ................
2024-03-11 20:38:17,154 - INFO - starting app
2024-03-11 20:38:58,091 - INFO - starting app
2024-03-11 20:41:10,778 - INFO - starting app
2024-03-11 20:42:11,667 - INFO - starting app
2024-03-11 20:42:22,203 - INFO - Starting ................
2024-03-11 20:42:22,217 - INFO - ended. process_time: 0.0031099319458007812
2024-03-11 20:42:38,374 - INFO - Starting ................
2024-03-11 20:42:38,380 - INFO - ended. process_time: 0.0
2024-03-11 20:42:38,735 - INFO - Starting ................
2024-03-11 20:42:38,750 - INFO - ended. process_time: 0.014848470687866211
2024-03-11 20:43:03,328 - INFO - Starting ................
2024-03-11 20:51:05,434 - INFO - starting app
2024-03-11 20:51:21,676 - INFO - starting app
2024-03-11 20:51:32,240 - INFO - Starting ................
2024-03-11 20:51:32,240 - INFO - ended. process_time: 0.0
2024-03-11 20:51:32,483 - INFO - Starting ................
2024-03-11 20:51:32,503 - INFO - ended. process_time: 0.019770145416259766
2024-03-11 20:51:52,156 - INFO - Starting ................
2024-03-11 20:52:37,698 - INFO - starting app
2024-03-11 20:52:49,279 - INFO - Starting ................
2024-03-11 20:52:49,279 - INFO - ended. process_time: 0.0
2024-03-11 20:52:49,630 - INFO - Starting ................
2024-03-11 20:52:49,651 - INFO - ended. process_time: 0.02034449577331543
2024-03-11 20:53:03,555 - INFO - Starting ................
2024-03-11 20:53:03,562 - INFO - ended. process_time: 0.006972074508666992
2024-03-11 20:53:18,832 - INFO - Starting ................
2024-03-11 20:53:18,848 - INFO - ended. process_time: 0.01602029800415039
2024-03-11 20:54:12,722 - INFO - Starting ................
2024-03-11 20:55:09,697 - INFO - starting app
2024-03-11 20:55:11,862 - INFO - Starting ................
2024-03-11 20:55:30,015 - INFO - starting app
2024-03-11 20:55:31,584 - INFO - Starting ................
2024-03-11 20:55:31,584 - INFO - ended. process_time: 0.0
2024-03-11 21:04:42,214 - INFO - starting app
2024-03-11 21:11:24,765 - INFO - starting app
2024-03-11 21:23:34,731 - INFO - starting app
2024-03-11 21:24:23,175 - INFO - starting app
2024-03-11 21:24:24,553 - INFO - Starting ................
2024-03-11 21:24:24,553 - INFO - ended. process_time: 0.0
2024-03-11 21:24:25,005 - INFO - Starting ................
2024-03-11 21:24:25,039 - INFO - ended. process_time: 0.03387880325317383
2024-03-11 21:24:34,956 - INFO - Starting ................
2024-03-11 21:24:34,964 - INFO - ended. process_time: 0.0066721439361572266
2024-03-11 21:26:03,127 - INFO - starting app
2024-03-11 21:27:04,152 - INFO - starting app
2024-03-11 21:27:04,291 - INFO - Starting ................
2024-03-11 21:27:04,297 - INFO - ended. process_time: 0.006829738616943359
2024-03-11 21:27:04,678 - INFO - Starting ................
2024-03-11 21:27:04,716 - INFO - ended. process_time: 0.036919593811035156
2024-03-11 21:27:11,268 - INFO - Starting ................
2024-03-11 21:27:11,284 - INFO - ended. process_time: 0.0160214900970459
2024-03-11 21:34:32,190 - INFO - Starting ................
2024-03-11 21:38:09,634 - INFO - Starting ................
2024-03-11 21:38:09,635 - INFO - ended. process_time: 0.0
2024-03-11 21:39:21,982 - INFO - Starting ................
2024-03-11 21:39:31,927 - INFO - Starting ................
2024-03-11 21:39:31,931 - INFO - ended. process_time: 0.003247976303100586
2024-03-11 22:23:46,920 - INFO - starting app
2024-03-11 22:24:17,694 - INFO - starting app
2024-03-11 22:24:20,806 - INFO - Starting ................
2024-03-11 22:24:20,822 - INFO - ended. process_time: 0.015621185302734375
2024-03-11 22:24:21,185 - INFO - Starting ................
2024-03-11 22:24:21,205 - INFO - ended. process_time: 0.01983332633972168
2024-03-11 22:24:49,655 - INFO - Starting ................
2024-03-11 22:24:49,662 - INFO - ended. process_time: 0.0037963390350341797
2024-03-11 22:25:07,387 - INFO - Starting ................
2024-03-11 22:25:07,396 - INFO - ended. process_time: 0.0
2024-03-11 22:26:27,646 - INFO - Starting ................
2024-03-11 22:26:27,648 - INFO - ended. process_time: 0.0
2024-03-11 22:26:34,034 - INFO - Starting ................
2024-03-11 22:26:34,034 - INFO - ended. process_time: 0.0
2024-03-11 22:26:52,032 - INFO - Starting ................
2024-03-11 22:26:52,034 - INFO - ended. process_time: 0.0016057491302490234
2024-03-11 22:26:59,405 - INFO - Starting ................
2024-03-11 22:26:59,405 - INFO - ended. process_time: 0.0
2024-03-11 22:46:15,311 - INFO - starting app
2024-03-11 22:47:09,762 - INFO - starting app
2024-03-11 22:47:15,966 - INFO - Starting ................
2024-03-11 22:47:15,966 - INFO - ended. process_time: 0.0
2024-03-11 22:47:16,335 - INFO - Starting ................
2024-03-11 22:47:16,349 - INFO - ended. process_time: 0.013591527938842773
2024-03-11 22:48:48,099 - INFO - Starting ................
2024-03-11 22:48:48,104 - INFO - ended. process_time: 0.004515886306762695
2024-03-11 22:49:21,104 - INFO - Starting ................
2024-03-11 22:49:21,110 - INFO - ended. process_time: 0.00597071647644043
2024-03-11 22:49:30,377 - INFO - Starting ................
2024-03-11 22:49:30,379 - INFO - ended. process_time: 0.0011203289031982422
2024-03-11 22:51:18,888 - INFO - Starting ................
2024-03-11 22:58:55,794 - INFO - starting app
2024-03-11 22:58:58,099 - INFO - Starting ................
2024-03-11 22:58:58,106 - INFO - ended. process_time: 0.007015228271484375
2024-03-11 22:58:58,614 - INFO - Starting ................
2024-03-11 22:58:58,653 - INFO - ended. process_time: 0.03905057907104492
2024-03-11 22:59:14,401 - INFO - Starting ................
2024-03-11 23:01:54,740 - INFO - starting app
2024-03-11 23:01:55,908 - INFO - Starting ................
2024-03-11 23:01:55,913 - INFO - ended. process_time: 0.005010128021240234
2024-03-11 23:02:28,654 - INFO - Starting ................
2024-03-11 23:02:28,658 - INFO - ended. process_time: 0.004012107849121094
2024-03-11 23:02:41,519 - INFO - Starting ................
2024-03-11 23:02:41,520 - INFO - ended. process_time: 0.0007841587066650391
2024-03-11 23:02:54,113 - INFO - Starting ................
2024-03-11 23:02:54,117 - INFO - ended. process_time: 0.004509449005126953
2024-03-11 23:03:14,416 - INFO - Starting ................
2024-03-11 23:03:14,424 - INFO - ended. process_time: 0.0016536712646484375
2024-03-11 23:16:23,160 - INFO - starting app
2024-03-11 23:16:29,365 - INFO - Starting ................
2024-03-11 23:16:47,582 - INFO - starting app
2024-03-11 23:16:52,731 - INFO - Starting ................
2024-03-11 23:17:28,532 - INFO - starting app
2024-03-11 23:17:32,474 - INFO - starting app
2024-03-11 23:17:34,246 - INFO - Starting ................
2024-03-11 23:18:05,781 - INFO - starting app
2024-03-11 23:18:11,447 - INFO - Starting ................
2024-03-11 23:20:13,985 - INFO - starting app
2024-03-11 23:20:16,682 - INFO - Starting ................
2024-03-11 23:20:16,694 - INFO - ended. process_time: 0.012018203735351562
2024-03-11 23:20:37,599 - INFO - Starting ................
2024-03-11 23:20:37,608 - INFO - ended. process_time: 0.00693202018737793
2024-03-11 23:20:43,465 - INFO - Starting ................
2024-03-11 23:20:43,466 - INFO - ended. process_time: 0.0
2024-03-13 21:27:39,082 - INFO - starting app
2024-03-13 21:28:06,359 - INFO - starting app
2024-03-13 21:28:10,354 - INFO - Starting ................
2024-03-13 21:28:10,374 - INFO - ended. process_time: 0.018977642059326172
2024-03-13 21:28:11,818 - INFO - Starting ................
2024-03-13 21:28:11,915 - INFO - ended. process_time: 0.09770441055297852
2024-03-13 21:28:23,928 - INFO - Starting ................
2024-03-13 21:29:16,398 - INFO - starting app
2024-03-13 21:29:16,959 - INFO - Starting ................
2024-03-13 21:29:16,963 - INFO - ended. process_time: 0.003515958786010742
2024-03-13 21:29:19,111 - INFO - Starting ................
2024-03-13 21:29:19,143 - INFO - ended. process_time: 0.03228306770324707
2024-03-13 21:29:24,504 - INFO - Starting ................
2024-03-13 21:33:51,326 - INFO - Starting ................
2024-03-13 21:33:51,331 - INFO - ended. process_time: 0.0
2024-03-13 21:33:51,761 - INFO - Starting ................
2024-03-13 21:33:51,766 - INFO - ended. process_time: 0.0
2024-03-13 21:33:59,827 - INFO - Starting ................
2024-03-13 21:37:53,706 - INFO - Starting ................
2024-03-13 21:37:53,770 - INFO - ended. process_time: 0.06409549713134766
2024-03-13 21:38:00,367 - INFO - starting app
2024-03-13 21:38:00,792 - INFO - Starting ................
2024-03-13 21:38:00,839 - INFO - ended. process_time: 0.04727935791015625
2024-03-13 21:38:06,877 - INFO - Starting ................
2024-03-13 21:38:42,738 - INFO - starting app
2024-03-13 21:38:42,932 - INFO - Starting ................
2024-03-13 21:38:42,932 - INFO - ended. process_time: 0.0
2024-03-13 21:38:43,378 - INFO - Starting ................
2024-03-13 21:38:43,410 - INFO - ended. process_time: 0.03071427345275879
2024-03-13 21:38:50,969 - INFO - Starting ................
2024-03-13 21:39:18,056 - INFO - starting app
2024-03-13 21:40:29,111 - INFO - Starting ................
2024-03-13 21:40:29,111 - INFO - ended. process_time: 0.0
2024-03-13 21:40:29,473 - INFO - Starting ................
2024-03-13 21:40:29,500 - INFO - ended. process_time: 0.026461362838745117
2024-03-13 21:40:34,064 - INFO - Starting ................
2024-03-13 21:53:55,978 - INFO - starting app
2024-03-13 21:55:35,235 - INFO - starting app
2024-03-13 21:55:36,733 - INFO - Starting ................
2024-03-13 21:55:36,733 - INFO - ended. process_time: 0.0
2024-03-13 21:55:37,214 - INFO - Starting ................
2024-03-13 21:55:37,246 - INFO - ended. process_time: 0.03253769874572754
2024-03-13 21:55:42,527 - INFO - Starting ................
2024-03-13 21:56:14,384 - INFO - starting app
2024-03-13 21:56:14,565 - INFO - Starting ................
2024-03-13 21:56:14,565 - INFO - ended. process_time: 0.0
2024-03-13 21:56:14,984 - INFO - Starting ................
2024-03-13 21:56:15,015 - INFO - ended. process_time: 0.03124547004699707
2024-03-13 21:56:20,110 - INFO - Starting ................
2024-03-13 21:56:20,120 - INFO - ended. process_time: 0.007406949996948242
2024-03-13 21:56:24,500 - INFO - Starting ................
2024-03-13 21:56:24,503 - INFO - ended. process_time: 0.002637624740600586
2024-03-13 22:00:14,808 - INFO - starting app
2024-03-13 22:00:39,300 - INFO - Starting ................
2024-03-13 22:00:39,318 - INFO - ended. process_time: 0.00907754898071289
2024-03-13 22:01:47,214 - INFO - starting app
2024-03-13 22:01:47,894 - INFO - Starting ................
2024-03-13 22:01:47,904 - INFO - ended. process_time: 0.010512113571166992
2024-03-13 22:02:20,182 - INFO - Starting ................
2024-03-13 22:02:20,196 - INFO - ended. process_time: 0.009827375411987305
2024-03-13 22:02:28,944 - INFO - Starting ................
2024-03-13 22:02:28,947 - INFO - ended. process_time: 0.003012418746948242
2024-03-13 22:08:12,526 - INFO - starting app
2024-03-13 22:08:40,301 - INFO - starting app
2024-03-13 22:08:40,532 - INFO - Starting ................
2024-03-13 22:08:40,547 - INFO - ended. process_time: 0.015631437301635742
2024-03-13 22:08:41,382 - INFO - Starting ................
2024-03-13 22:08:41,450 - INFO - ended. process_time: 0.06766986846923828
2024-03-13 22:09:00,336 - INFO - Starting ................
2024-03-13 22:09:00,345 - INFO - ended. process_time: 0.003710508346557617
2024-03-13 22:09:21,337 - INFO - Starting ................
2024-03-13 22:09:21,345 - INFO - ended. process_time: 0.008388042449951172
2024-03-13 22:19:00,685 - INFO - starting app
2024-03-13 22:19:04,334 - INFO - Starting ................
2024-03-13 22:19:04,349 - INFO - ended. process_time: 0.0
2024-03-13 22:19:04,750 - INFO - Starting ................
2024-03-13 22:19:04,779 - INFO - ended. process_time: 0.02857232093811035
2024-03-13 22:19:25,978 - INFO - Starting ................
2024-03-13 22:19:25,984 - INFO - ended. process_time: 0.005764961242675781
2024-03-13 22:19:30,042 - INFO - Starting ................
2024-03-13 22:19:30,046 - WARNING - Product is no more available
2024-03-13 22:19:30,046 - INFO - ended. process_time: 0.003753662109375
2024-03-13 22:19:40,287 - INFO - Starting ................
2024-03-13 22:19:40,293 - INFO - ended. process_time: 0.0063402652740478516
2024-03-13 22:19:59,876 - INFO - Starting ................
2024-03-13 22:20:24,149 - INFO - starting app
2024-03-13 22:20:31,761 - INFO - Starting ................
2024-03-13 22:20:40,339 - INFO - Starting ................
2024-03-13 22:20:40,346 - INFO - ended. process_time: 0.002420663833618164
2024-03-13 22:20:40,898 - INFO - Starting ................
2024-03-13 22:20:40,910 - INFO - ended. process_time: 0.012207508087158203
2024-03-13 22:21:00,480 - INFO - Starting ................
2024-03-13 22:21:00,484 - INFO - ended. process_time: 0.0046117305755615234
2024-03-13 22:21:09,915 - INFO - Starting ................
2024-03-13 22:22:09,773 - INFO - starting app
2024-03-13 22:22:09,916 - INFO - Starting ................
2024-03-13 22:22:09,916 - INFO - ended. process_time: 0.0
2024-03-13 22:22:10,347 - INFO - Starting ................
2024-03-13 22:22:10,382 - INFO - ended. process_time: 0.03512716293334961
2024-03-13 22:22:27,059 - INFO - Starting ................
2024-03-13 22:22:27,065 - INFO - ended. process_time: 0.005588054656982422
2024-03-13 22:22:38,923 - INFO - Starting ................
2024-03-13 22:24:01,772 - INFO - starting app
2024-03-13 22:24:01,948 - INFO - Starting ................
2024-03-13 22:24:01,948 - INFO - ended. process_time: 0.0
2024-03-13 22:24:02,280 - INFO - Starting ................
2024-03-13 22:24:02,313 - INFO - ended. process_time: 0.0328214168548584
2024-03-13 22:24:18,349 - INFO - Starting ................
2024-03-13 22:24:18,355 - INFO - ended. process_time: 0.00650477409362793
2024-03-13 22:24:33,877 - INFO - Starting ................
2024-03-13 22:25:10,011 - INFO - starting app
2024-03-13 22:25:11,989 - INFO - Starting ................
2024-03-13 22:25:11,996 - INFO - ended. process_time: 0.001207113265991211
2024-03-13 22:25:12,432 - INFO - Starting ................
2024-03-13 22:25:12,452 - INFO - ended. process_time: 0.02004551887512207
2024-03-13 22:25:24,043 - INFO - Starting ................
2024-03-13 22:25:24,050 - INFO - ended. process_time: 0.007405281066894531
2024-03-13 22:25:32,024 - INFO - Starting ................
2024-03-13 22:25:56,809 - INFO - starting app
2024-03-13 22:25:57,243 - INFO - Starting ................
2024-03-13 22:26:00,186 - INFO - Starting ................
2024-03-13 22:26:00,186 - INFO - ended. process_time: 0.0
2024-03-13 22:26:00,430 - INFO - Starting ................
2024-03-13 22:26:00,442 - INFO - ended. process_time: 0.011515617370605469
2024-03-13 22:26:07,179 - INFO - Starting ................
2024-03-13 22:26:42,382 - INFO - starting app
2024-03-13 22:26:58,777 - INFO - starting app
2024-03-13 22:27:12,877 - INFO - Starting ................
2024-03-13 22:27:12,877 - INFO - ended. process_time: 0.0
2024-03-13 22:27:13,146 - INFO - Starting ................
2024-03-13 22:27:13,183 - INFO - ended. process_time: 0.021425724029541016
2024-03-13 22:27:20,658 - INFO - Starting ................
2024-03-13 22:29:06,701 - INFO - starting app
2024-03-13 22:29:11,113 - INFO - Starting ................
2024-03-13 22:29:11,126 - INFO - ended. process_time: 0.004866600036621094
2024-03-13 22:29:23,689 - INFO - Starting ................
2024-03-13 22:29:23,695 - INFO - ended. process_time: 0.005205392837524414
2024-03-13 22:29:31,745 - INFO - Starting ................
2024-03-13 22:29:31,757 - INFO - ended. process_time: 0.0115203857421875
2024-03-13 22:29:32,201 - INFO - Starting ................
2024-03-13 22:29:32,215 - INFO - ended. process_time: 0.014008522033691406
2024-03-13 22:29:40,872 - INFO - Starting ................
2024-03-13 22:29:40,877 - INFO - ended. process_time: 0.0017054080963134766
2024-03-13 22:29:48,964 - INFO - Starting ................
2024-03-13 22:29:48,967 - INFO - ended. process_time: 0.0014672279357910156
2024-03-13 22:31:55,584 - INFO - starting app
2024-03-13 22:31:55,886 - INFO - Starting ................
2024-03-13 22:31:55,902 - INFO - ended. process_time: 0.0
2024-03-13 22:31:56,369 - INFO - Starting ................
2024-03-13 22:31:56,387 - INFO - ended. process_time: 0.017482757568359375
2024-03-13 22:32:05,147 - INFO - Starting ................
2024-03-13 22:32:05,155 - INFO - ended. process_time: 0.00782155990600586
2024-03-13 22:33:31,183 - INFO - starting app
2024-03-13 22:33:31,311 - INFO - Starting ................
2024-03-13 22:33:31,316 - INFO - ended. process_time: 0.0045130252838134766
2024-03-13 22:33:55,428 - INFO - starting app
2024-03-13 22:34:09,453 - INFO - starting app
2024-03-13 22:34:11,419 - INFO - Starting ................
2024-03-13 22:34:11,434 - INFO - ended. process_time: 0.015623331069946289
2024-03-13 22:34:11,814 - INFO - Starting ................
2024-03-13 22:34:11,824 - INFO - ended. process_time: 0.009511232376098633
2024-03-13 22:34:18,696 - INFO - Starting ................
2024-03-13 22:34:18,704 - INFO - ended. process_time: 0.00796818733215332
2024-03-13 22:34:56,818 - INFO - starting app
2024-03-13 22:34:57,306 - INFO - Starting ................
2024-03-13 22:34:57,306 - INFO - ended. process_time: 0.0
2024-03-13 22:34:57,644 - INFO - Starting ................
2024-03-13 22:34:57,673 - INFO - ended. process_time: 0.02889275550842285
2024-03-13 22:35:05,897 - INFO - Starting ................
2024-03-13 22:35:05,904 - INFO - ended. process_time: 0.0076313018798828125
2024-03-13 22:38:18,645 - INFO - starting app
2024-03-13 22:38:19,978 - INFO - Starting ................
2024-03-13 22:38:19,979 - INFO - ended. process_time: 0.0
2024-03-13 22:38:20,234 - INFO - Starting ................
2024-03-13 22:38:20,259 - INFO - ended. process_time: 0.02264261245727539
2024-03-13 22:38:25,965 - INFO - Starting ................
2024-03-13 22:38:25,971 - INFO - ended. process_time: 0.003412485122680664
2024-03-13 22:38:33,926 - INFO - Starting ................
2024-03-13 22:38:33,926 - INFO - ended. process_time: 0.0
2024-03-13 22:39:06,969 - INFO - Starting ................
2024-03-13 22:39:06,976 - INFO - ended. process_time: 0.007025480270385742
2024-03-13 22:39:11,061 - INFO - Starting ................
2024-03-13 22:39:11,065 - INFO - ended. process_time: 0.0007038116455078125
2024-03-13 22:39:22,862 - INFO - Starting ................
2024-03-13 22:39:22,863 - INFO - ended. process_time: 0.0
2024-03-13 22:39:26,379 - INFO - Starting ................
2024-03-13 22:39:26,383 - INFO - ended. process_time: 0.0035119056701660156
2024-03-13 22:41:06,915 - INFO - starting app
2024-03-13 22:44:09,824 - INFO - starting app
2024-03-13 22:44:12,016 - INFO - Starting ................
2024-03-13 22:44:12,030 - INFO - ended. process_time: 0.014433860778808594
2024-03-13 22:44:23,110 - INFO - Starting ................
2024-03-13 22:44:23,110 - INFO - ended. process_time: 0.0
2024-03-13 22:44:53,431 - INFO - starting app
2024-03-13 22:44:58,952 - INFO - Starting ................
2024-03-13 22:44:58,962 - INFO - ended. process_time: 0.003734588623046875
2024-03-13 22:45:55,178 - INFO - Starting ................
2024-03-13 22:45:55,181 - INFO - ended. process_time: 0.003528594970703125
2024-03-13 22:47:20,628 - INFO - starting app
2024-03-13 22:47:20,814 - INFO - Starting ................
2024-03-13 22:47:20,826 - INFO - ended. process_time: 0.01050710678100586
2024-03-13 22:47:25,325 - INFO - Starting ................
2024-03-13 22:47:25,335 - INFO - ended. process_time: 0.009514331817626953
2024-03-13 22:47:25,764 - INFO - Starting ................
2024-03-13 22:47:25,776 - INFO - ended. process_time: 0.012325048446655273
2024-03-13 22:47:36,216 - INFO - Starting ................
2024-03-13 22:47:36,222 - INFO - ended. process_time: 0.005936384201049805
2024-03-13 22:48:06,787 - INFO - starting app
2024-03-13 22:48:07,279 - INFO - Starting ................
2024-03-13 22:48:07,279 - INFO - ended. process_time: 0.0
2024-03-13 22:48:07,592 - INFO - Starting ................
2024-03-13 22:48:07,613 - INFO - ended. process_time: 0.020777225494384766
2024-03-13 22:48:13,909 - INFO - Starting ................
2024-03-13 22:48:13,914 - INFO - ended. process_time: 0.004914522171020508
2024-03-13 22:48:52,837 - INFO - starting app
2024-03-13 22:50:59,515 - INFO - starting app
2024-03-13 22:50:59,828 - INFO - Starting ................
2024-03-13 22:50:59,828 - INFO - ended. process_time: 0.0
2024-03-13 22:51:01,669 - INFO - Starting ................
2024-03-13 22:51:01,673 - INFO - ended. process_time: 0.003511190414428711
2024-03-13 22:51:02,781 - INFO - Starting ................
2024-03-13 22:51:02,781 - INFO - ended. process_time: 0.0
2024-03-13 22:51:03,658 - INFO - Starting ................
2024-03-13 22:51:03,659 - INFO - ended. process_time: 0.0
2024-03-13 22:51:34,529 - INFO - starting app
2024-03-13 22:51:34,678 - INFO - Starting ................
2024-03-13 22:51:34,678 - INFO - Starting ................
2024-03-13 22:51:34,698 - INFO - ended. process_time: 0.019579172134399414
2024-03-13 22:51:34,702 - INFO - ended. process_time: 0.024176359176635742
2024-03-13 22:51:35,393 - INFO - Starting ................
2024-03-13 22:51:35,408 - INFO - ended. process_time: 0.0
2024-03-13 22:51:35,822 - INFO - Starting ................
2024-03-13 22:51:35,844 - INFO - ended. process_time: 0.022170305252075195
2024-03-13 22:51:42,440 - INFO - Starting ................
2024-03-13 22:51:42,447 - INFO - ended. process_time: 0.004012346267700195
2024-03-13 22:52:58,845 - INFO - starting app
2024-03-13 22:54:08,780 - INFO - starting app
2024-03-13 22:54:09,244 - INFO - Starting ................
2024-03-13 22:54:09,254 - INFO - ended. process_time: 0.0
2024-03-13 23:00:02,543 - INFO - starting app
2024-03-13 23:00:08,267 - INFO - Starting ................
2024-03-13 23:00:08,267 - INFO - ended. process_time: 0.0
2024-03-14 05:22:01,600 - INFO - starting app
2024-03-14 05:22:01,837 - INFO - Starting ................
2024-03-14 05:22:01,842 - INFO - ended. process_time: 0.0013265609741210938
2024-03-14 05:22:03,201 - INFO - Starting ................
2024-03-14 05:22:03,259 - INFO - ended. process_time: 0.05869245529174805
2024-03-14 05:22:16,625 - INFO - Starting ................
2024-03-14 05:22:16,632 - INFO - ended. process_time: 0.007102012634277344
2024-03-14 05:22:48,801 - INFO - starting app
2024-03-14 05:23:00,992 - INFO - Starting ................
2024-03-14 05:23:01,035 - INFO - ended. process_time: 0.01758551597595215
2024-03-14 05:23:20,475 - INFO - Starting ................
2024-03-14 05:23:20,485 - INFO - ended. process_time: 0.004075765609741211
2024-03-14 05:23:40,934 - INFO - Starting ................
2024-03-14 05:23:40,934 - INFO - ended. process_time: 0.0
2024-03-14 05:23:56,112 - INFO - Starting ................
2024-03-14 05:23:56,115 - INFO - ended. process_time: 0.0020418167114257812
2024-03-14 05:24:08,664 - INFO - Starting ................
2024-03-14 05:24:08,668 - INFO - ended. process_time: 0.0027468204498291016
2024-03-14 05:24:19,916 - INFO - Starting ................
2024-03-14 05:24:19,918 - INFO - ended. process_time: 0.000263214111328125
2024-03-14 05:24:33,450 - INFO - Starting ................
2024-03-14 05:24:33,451 - INFO - ended. process_time: 0.0
2024-03-14 05:25:17,318 - INFO - Starting ................
2024-03-14 05:25:17,322 - INFO - ended. process_time: 0.0040094852447509766
2024-03-14 05:25:26,584 - INFO - Starting ................
2024-03-14 05:25:26,592 - INFO - ended. process_time: 0.0022437572479248047
